<?xml version="1.0" encoding="UTF-8"?>
<testng-results skipped="0" failed="1" ignored="0" total="4" passed="3">
  <reporter-output>
  </reporter-output>
  <suite name="suite" duration-ms="70787" started-at="2021-10-02T02:40:35Z" finished-at="2021-10-02T02:41:46Z">
    <groups>
    </groups>
    <test name="swapi-api-test" duration-ms="70787" started-at="2021-10-02T02:40:35Z" finished-at="2021-10-02T02:41:46Z">
      <class name="com.swapi.test.SwapiEndPointTest">
        <test-method status="PASS" signature="endPointValidation()[pri:0, instance:com.swapi.test.SwapiEndPointTest@b5cc23a]" name="endPointValidation" duration-ms="1345" started-at="2021-10-02T02:40:35Z" finished-at="2021-10-02T02:40:36Z">
          <reporter-output>
          </reporter-output>
        </test-method> <!-- endPointValidation -->
      </class> <!-- com.swapi.test.SwapiEndPointTest -->
      <class name="com.swapi.test.IndividualTest">
        <test-method status="FAIL" signature="verifyPeopleHeightMoreThan200NameMatches()[pri:0, instance:com.swapi.test.IndividualTest@61edc883]" name="verifyPeopleHeightMoreThan200NameMatches" duration-ms="22423" started-at="2021-10-02T02:41:05Z" finished-at="2021-10-02T02:41:28Z">
          <exception class="java.lang.AssertionError">
            <message>
              <![CDATA[expected [Tuan Wu] but found [Taun We]]]>
            </message>
            <full-stacktrace>
              <![CDATA[java.lang.AssertionError: expected [Tuan Wu] but found [Taun We]
at org.testng.Assert.fail(Assert.java:96)
at org.testng.Assert.failNotEquals(Assert.java:776)
at org.testng.Assert.assertEqualsImpl(Assert.java:137)
at org.testng.Assert.assertEquals(Assert.java:118)
at org.testng.Assert.assertEquals(Assert.java:453)
at org.testng.Assert.assertEquals(Assert.java:463)
at com.swapi.test.IndividualTest.verifyPeopleHeightMoreThan200NameMatches(IndividualTest.java:149)
at sun.reflect.NativeMethodAccessorImpl.invoke0(Native Method)
at sun.reflect.NativeMethodAccessorImpl.invoke(NativeMethodAccessorImpl.java:62)
at sun.reflect.DelegatingMethodAccessorImpl.invoke(DelegatingMethodAccessorImpl.java:43)
at java.lang.reflect.Method.invoke(Method.java:498)
at org.testng.internal.MethodInvocationHelper.invokeMethod(MethodInvocationHelper.java:124)
at org.testng.internal.Invoker.invokeMethod(Invoker.java:583)
at org.testng.internal.Invoker.invokeTestMethod(Invoker.java:719)
at org.testng.internal.Invoker.invokeTestMethods(Invoker.java:989)
at org.testng.internal.TestMethodWorker.invokeTestMethods(TestMethodWorker.java:125)
at org.testng.internal.TestMethodWorker.run(TestMethodWorker.java:109)
at org.testng.TestRunner.privateRun(TestRunner.java:648)
at org.testng.TestRunner.run(TestRunner.java:505)
at org.testng.SuiteRunner.runTest(SuiteRunner.java:455)
at org.testng.SuiteRunner.runSequentially(SuiteRunner.java:450)
at org.testng.SuiteRunner.privateRun(SuiteRunner.java:415)
at org.testng.SuiteRunner.run(SuiteRunner.java:364)
at org.testng.SuiteRunnerWorker.runSuite(SuiteRunnerWorker.java:52)
at org.testng.SuiteRunnerWorker.run(SuiteRunnerWorker.java:84)
at org.testng.TestNG.runSuitesSequentially(TestNG.java:1208)
at org.testng.TestNG.runSuitesLocally(TestNG.java:1137)
at org.testng.TestNG.runSuites(TestNG.java:1049)
at org.testng.TestNG.run(TestNG.java:1017)
at org.testng.remote.AbstractRemoteTestNG.run(AbstractRemoteTestNG.java:115)
at org.testng.remote.RemoteTestNG.initAndRun(RemoteTestNG.java:251)
at org.testng.remote.RemoteTestNG.main(RemoteTestNG.java:77)
]]>
            </full-stacktrace>
          </exception> <!-- java.lang.AssertionError -->
          <reporter-output>
          </reporter-output>
        </test-method> <!-- verifyPeopleHeightMoreThan200NameMatches -->
      </class> <!-- com.swapi.test.IndividualTest -->
      <class name="com.swapi.test.PeopleHeightTest">
        <test-method status="PASS" signature="verifyHeight()[pri:0, instance:com.swapi.test.PeopleHeightTest@5cc5b667]" name="verifyHeight" duration-ms="28882" started-at="2021-10-02T02:40:36Z" finished-at="2021-10-02T02:41:05Z">
          <reporter-output>
          </reporter-output>
        </test-method> <!-- verifyHeight -->
      </class> <!-- com.swapi.test.PeopleHeightTest -->
      <class name="com.swapi.test.PeopleTotalTest">
        <test-method status="PASS" signature="findTotalPeople()[pri:0, instance:com.swapi.test.PeopleTotalTest@758f4f03]" name="findTotalPeople" duration-ms="18060" started-at="2021-10-02T02:41:28Z" finished-at="2021-10-02T02:41:46Z">
          <reporter-output>
          </reporter-output>
        </test-method> <!-- findTotalPeople -->
      </class> <!-- com.swapi.test.PeopleTotalTest -->
    </test> <!-- swapi-api-test -->
  </suite> <!-- suite -->
</testng-results>
